TN:
SF:src/App.js
FN:6,App
FNF:1
FNH:1
FNDA:1,App
DA:7,1
LF:1
LH:1
BRF:0
BRH:0
end_of_record
TN:
SF:src/components/MyDocument.js
FN:3,(anonymous_0)
FN:72,(anonymous_1)
FN:75,(anonymous_2)
FN:87,(anonymous_3)
FN:90,(anonymous_4)
FN:107,(anonymous_5)
FNF:6
FNH:6
FNDA:3,(anonymous_0)
FNDA:3,(anonymous_1)
FNDA:18,(anonymous_2)
FNDA:6,(anonymous_3)
FNDA:36,(anonymous_4)
FNDA:6,(anonymous_5)
DA:3,3
DA:4,3
DA:62,3
DA:71,3
DA:72,3
DA:73,3
DA:76,18
DA:87,3
DA:88,6
DA:91,36
DA:102,3
DA:108,6
LF:12
LH:12
BRDA:78,0,0,3
BRDA:78,0,1,15
BRDA:93,1,0,6
BRDA:93,1,1,30
BRF:4
BRH:4
end_of_record
TN:
SF:src/components/Select.js
FN:1,(anonymous_0)
FN:4,(anonymous_1)
FN:5,(anonymous_2)
FN:7,(anonymous_3)
FN:18,(anonymous_4)
FN:25,(anonymous_5)
FNF:6
FNH:4
FNDA:2,(anonymous_0)
FNDA:1,(anonymous_1)
FNDA:0,(anonymous_2)
FNDA:0,(anonymous_3)
FNDA:124,(anonymous_4)
FNDA:1,(anonymous_5)
DA:1,3
DA:2,2
DA:4,2
DA:5,1
DA:6,0
DA:7,0
DA:9,0
DA:14,2
DA:19,124
DA:25,1
LF:10
LH:7
BRDA:6,0,0,0
BRDA:6,0,1,0
BRDA:22,1,0,0
BRDA:22,1,1,124
BRF:4
BRH:1
end_of_record
TN:
SF:src/components/Table.js
FN:7,(anonymous_0)
FN:16,(anonymous_1)
FN:17,(anonymous_2)
FN:29,(anonymous_3)
FN:34,(anonymous_4)
FN:51,(anonymous_5)
FN:59,(anonymous_6)
FN:69,(anonymous_7)
FN:70,(anonymous_8)
FN:150,(anonymous_9)
FN:177,(anonymous_10)
FN:188,(anonymous_11)
FNF:12
FNH:12
FNDA:39,(anonymous_0)
FNDA:7,(anonymous_1)
FNDA:7,(anonymous_2)
FNDA:1,(anonymous_3)
FNDA:3,(anonymous_4)
FNDA:1,(anonymous_5)
FNDA:1,(anonymous_6)
FNDA:18,(anonymous_7)
FNDA:18,(anonymous_8)
FNDA:154,(anonymous_9)
FNDA:81,(anonymous_10)
FNDA:6,(anonymous_11)
DA:7,3
DA:8,39
DA:10,39
DA:11,39
DA:12,39
DA:13,39
DA:14,39
DA:16,39
DA:17,7
DA:18,7
DA:23,7
DA:24,7
DA:25,7
DA:29,39
DA:30,1
DA:31,1
DA:34,39
DA:35,3
DA:38,3
DA:39,2
DA:42,39
DA:46,39
DA:47,39
DA:48,103
DA:51,39
DA:52,1
DA:53,1
DA:55,0
DA:59,39
DA:60,1
DA:61,1
DA:63,0
DA:67,39
DA:69,39
DA:70,18
DA:71,18
DA:73,18
DA:74,18
DA:75,18
DA:77,18
DA:78,12
DA:79,6
DA:80,3
DA:81,3
DA:82,1
DA:83,1
DA:84,2
DA:85,0
DA:86,0
DA:87,0
DA:95,2
DA:96,2
DA:97,2
DA:98,0
DA:99,0
DA:100,0
DA:101,0
DA:102,0
DA:103,0
DA:106,18
DA:108,18
DA:109,18
DA:114,18
DA:119,39
DA:151,154
DA:178,81
DA:188,6
LF:67
LH:56
BRDA:36,0,0,0
BRDA:36,0,1,3
BRDA:42,1,0,25
BRDA:42,1,1,14
BRDA:52,2,0,1
BRDA:52,2,1,0
BRDA:60,3,0,1
BRDA:60,3,1,0
BRDA:77,4,0,12
BRDA:77,4,1,6
BRDA:79,5,0,3
BRDA:79,5,1,3
BRDA:79,6,0,6
BRDA:79,6,1,6
BRDA:81,7,0,1
BRDA:81,7,1,2
BRDA:84,8,0,0
BRDA:84,8,1,2
BRDA:84,9,0,2
BRDA:84,9,1,2
BRDA:95,10,0,2
BRDA:95,10,1,0
BRDA:98,11,0,0
BRDA:98,11,1,0
BRDA:100,12,0,0
BRDA:100,12,1,0
BRDA:102,13,0,0
BRDA:102,13,1,0
BRDA:108,14,0,18
BRDA:108,14,1,0
BRDA:119,15,0,25
BRDA:119,15,1,14
BRDA:119,16,0,39
BRDA:119,16,1,25
BRDA:170,17,0,15
BRDA:170,17,1,10
BRDA:182,18,0,19
BRDA:182,18,1,62
BRDA:197,19,0,14
BRDA:197,19,1,11
BRF:40
BRH:28
end_of_record
TN:
SF:src/pages/Countries/Countries.js
FN:7,(anonymous_0)
FNF:1
FNH:1
FNDA:2,(anonymous_0)
DA:7,2
DA:9,2
DA:10,2
DA:12,2
LF:4
LH:4
BRDA:13,0,0,2
BRDA:13,0,1,1
BRF:2
BRH:2
end_of_record
TN:
SF:src/services/CountryService.js
FN:3,(anonymous_0)
FN:22,(anonymous_1)
FN:39,(anonymous_2)
FNF:3
FNH:3
FNDA:5,(anonymous_0)
FNDA:3,(anonymous_1)
FNDA:3,(anonymous_2)
DA:3,3
DA:4,5
DA:5,5
DA:6,5
DA:7,1
DA:10,5
DA:16,2
DA:18,2
DA:22,3
DA:23,3
DA:24,3
DA:33,1
DA:35,2
DA:39,3
DA:40,3
DA:41,3
DA:50,1
DA:52,2
DA:56,3
LF:19
LH:19
BRDA:6,0,0,1
BRDA:6,0,1,4
BRF:2
BRH:2
end_of_record
